<?xml version="1.0" encoding="UTF-8"?>
<!-- Generated by org.testng.reporters.JUnitReportReporter -->
<testsuite hostname="14s-dy2xxx" failures="0" tests="1" name="Testrunner.Testrunnerclass" time="3.427" errors="0" timestamp="2025-09-23T12:38:00 IST" skipped="0">
  <testcase classname="Testrunner.Testrunnerclass" name="runScenario" time="3.427"/>
</testsuite> <!-- Testrunner.Testrunnerclass -->
